<?xml version="1.0" encoding="UTF-8"?>
<testng-results skipped="0" failed="0" total="2" passed="2">
  <reporter-output>
  </reporter-output>
  <suite name="CRM test Suite" duration-ms="13880" started-at="2020-07-15T16:13:32Z" finished-at="2020-07-15T16:13:46Z">
    <groups>
    </groups>
    <test name="CRM automation" duration-ms="13880" started-at="2020-07-15T16:13:32Z" finished-at="2020-07-15T16:13:46Z">
      <class name="com.qa.testcases.SignUpPageTest">
        <test-method status="PASS" signature="initializeTest()[pri:0, instance:com.qa.testcases.SignUpPageTest@4cdbe50f]" name="initializeTest" is-config="true" duration-ms="8077" started-at="2020-07-15T21:43:32Z" finished-at="2020-07-15T21:43:40Z">
          <reporter-output>
          </reporter-output>
        </test-method> <!-- initializeTest -->
        <test-method status="PASS" signature="verifyRegisterPage()[pri:0, instance:com.qa.testcases.SignUpPageTest@4cdbe50f]" name="verifyRegisterPage" duration-ms="40" started-at="2020-07-15T21:43:40Z" finished-at="2020-07-15T21:43:40Z">
          <reporter-output>
          </reporter-output>
        </test-method> <!-- verifyRegisterPage -->
        <test-method status="PASS" signature="close()[pri:0, instance:com.qa.testcases.SignUpPageTest@4cdbe50f]" name="close" is-config="true" duration-ms="316" started-at="2020-07-15T21:43:40Z" finished-at="2020-07-15T21:43:40Z">
          <reporter-output>
          </reporter-output>
        </test-method> <!-- close -->
      </class> <!-- com.qa.testcases.SignUpPageTest -->
      <class name="com.qa.testcases.LoginPageTest">
        <test-method status="PASS" signature="initializeTest()[pri:0, instance:com.qa.testcases.LoginPageTest@66d33a]" name="initializeTest" is-config="true" duration-ms="5251" started-at="2020-07-15T21:43:40Z" finished-at="2020-07-15T21:43:46Z">
          <reporter-output>
          </reporter-output>
        </test-method> <!-- initializeTest -->
        <test-method status="PASS" signature="validatePageTitle()[pri:1, instance:com.qa.testcases.LoginPageTest@66d33a]" name="validatePageTitle" duration-ms="8" started-at="2020-07-15T21:43:46Z" finished-at="2020-07-15T21:43:46Z">
          <reporter-output>
          </reporter-output>
        </test-method> <!-- validatePageTitle -->
        <test-method status="PASS" signature="close()[pri:0, instance:com.qa.testcases.LoginPageTest@66d33a]" name="close" is-config="true" duration-ms="175" started-at="2020-07-15T21:43:46Z" finished-at="2020-07-15T21:43:46Z">
          <reporter-output>
          </reporter-output>
        </test-method> <!-- close -->
      </class> <!-- com.qa.testcases.LoginPageTest -->
    </test> <!-- CRM automation -->
  </suite> <!-- CRM test Suite -->
</testng-results>
