<?xml version="1.0" encoding="UTF-8"?>
<!-- Generated by org.testng.reporters.JUnitXMLReporter -->
<testsuite hostname="DESKTOP-LL3MSLP" ignored="0" name="Test" tests="3" failures="0" timestamp="26 Apr 2021 08:18:54 GMT" time="22.894" errors="0">
  <testcase name="facebook_test" time="3.188" classname="com.qa.testcases.DemoCICD"/>
  <testcase name="gearbest_test" time="5.094" classname="com.qa.testcases.DemoCICD"/>
  <testcase name="google_test" time="2.534" classname="com.qa.testcases.DemoCICD"/>
</testsuite> <!-- Test -->
